<?xml version="1.0" encoding="UTF-8"?>
<testng-results ignored="0" total="2" passed="2" failed="0" skipped="0">
  <reporter-output>
  </reporter-output>
  <suite started-at="2025-03-14T23:28:59 IST" name="Test Automation Test Suite" finished-at="2025-03-14T23:29:08 IST" duration-ms="9352">
    <groups>
    </groups>
    <test started-at="2025-03-14T23:28:59 IST" name="FrameworkDemo" finished-at="2025-03-14T23:29:08 IST" duration-ms="9352">
      <class name="framework.tests.BlazeDemo">
        <test-method is-config="true" signature="setup()[pri:0, instance:framework.tests.BlazeDemo@2f4948e4]" started-at="2025-03-14T23:28:59 IST" name="setup" finished-at="2025-03-14T23:29:03 IST" duration-ms="3667" status="PASS">
          <reporter-output>
          </reporter-output>
        </test-method> <!-- setup -->
        <test-method signature="openUrlPage()[pri:1, instance:framework.tests.BlazeDemo@2f4948e4]" started-at="2025-03-14T23:29:03 IST" name="openUrlPage" finished-at="2025-03-14T23:29:06 IST" duration-ms="3897" status="PASS">
          <reporter-output>
          </reporter-output>
        </test-method> <!-- openUrlPage -->
        <test-method signature="buttonDemo()[pri:0, instance:framework.tests.BlazeDemo@2f4948e4]" started-at="2025-03-14T23:29:06 IST" name="buttonDemo" finished-at="2025-03-14T23:29:07 IST" depends-on-methods="framework.tests.BlazeDemo.openUrlPage" duration-ms="452" status="PASS">
          <reporter-output>
          </reporter-output>
        </test-method> <!-- buttonDemo -->
        <test-method is-config="true" signature="quitBrowser()[pri:0, instance:framework.tests.BlazeDemo@2f4948e4]" started-at="2025-03-14T23:29:07 IST" name="quitBrowser" finished-at="2025-03-14T23:29:08 IST" duration-ms="1298" status="PASS">
          <reporter-output>
          </reporter-output>
        </test-method> <!-- quitBrowser -->
      </class> <!-- framework.tests.BlazeDemo -->
    </test> <!-- FrameworkDemo -->
  </suite> <!-- Test Automation Test Suite -->
</testng-results>
